<?xml version="1.0" encoding="UTF-8"?>
<!-- Generated by org.testng.reporters.JUnitXMLReporter -->
<testsuite ignored="0" hostname="Windows11" failures="0" tests="4" name="Default test(failed)" time="16.09" errors="0" timestamp="2023-11-14T16:07:21 IST">
  <testcase classname="testCases.MultipleTestData" name="loginWithMultipleTestDataTest" time="0.325"/>
  <testcase classname="testCases.MultipleTestData" name="loginWithMultipleTestDataTest" time="5.336"/>
  <testcase classname="testCases.MultipleTestData" name="loginWithMultipleTestDataTest" time="0.318"/>
  <testcase classname="testCases.MultipleTestData" name="loginWithMultipleTestDataTest" time="0.328"/>
</testsuite> <!-- Default test(failed) -->
