<?xml version="1.0" encoding="UTF-8"?>
<!-- Generated by org.testng.reporters.JUnitXMLReporter -->
<testsuite ignored="0" hostname="Windows11" failures="0" tests="3" name="Default test" time="70.035" errors="0" timestamp="2023-11-04T19:20:15 IST">
  <testcase classname="testCases.LoginPageTest" name="LoginToApplicationTest" time="2.051"/>
  <testcase classname="testCases.LoginPageTest" name="verifyURLofApplicationTest" time="0.158"/>
  <testcase classname="testCases.LoginPageTest" name="verifyTitleOfApplication" time="0.066"/>
</testsuite> <!-- Default test -->
