<?xml version="1.0" encoding="UTF-8"?>
<!-- Generated by org.testng.reporters.JUnitXMLReporter -->
<testsuite ignored="0" hostname="Windows11" failures="0" tests="3" name="Default test" time="56.523" errors="0" timestamp="2023-11-15T19:25:22 IST">
  <testcase classname="testCases.LoginPageTest" name="LoginToApplicationTest" time="1.214"/>
  <testcase classname="testCases.LoginPageTest" name="verifyTitleOfApplication" time="0.117"/>
  <testcase classname="testCases.LoginPageTest" name="verifyURLofApplicationTest" time="0.081"/>
</testsuite> <!-- Default test -->
