<?xml version="1.0" encoding="UTF-8"?>
<!-- Generated by org.testng.reporters.JUnitXMLReporter -->
<testsuite ignored="47" hostname="Windows11" failures="0" tests="0" time="0.017" errors="0" timestamp="2023-11-15T14:23:13 IST">
  <testcase classname="testCases.CheckoutPage1Test" name="verifyPostalCodeTextBoxTest" time="0.0">
    <ignored/>
  </testcase> <!-- verifyPostalCodeTextBoxTest -->
  <testcase classname="testCases.InventoryPageTest" name="verifyfacebookLogoTest" time="0.0">
    <ignored/>
  </testcase> <!-- verifyfacebookLogoTest -->
  <testcase classname="testCases.CheckoutPage1Test" name="verifyFirstNameTextBoxTest" time="0.0">
    <ignored/>
  </testcase> <!-- verifyFirstNameTextBoxTest -->
  <testcase classname="testCases.CheckoutPage1Test" name="verifycheckOutPage1TitleTest" time="0.0">
    <ignored/>
  </testcase> <!-- verifycheckOutPage1TitleTest -->
  <testcase classname="testCases.CheckoutPage2Test" name="verifypaymentInformationTextTest" time="0.0">
    <ignored/>
  </testcase> <!-- verifypaymentInformationTextTest -->
  <testcase classname="testCases.CartPageTest" name="clickContinueShoppingBtnTest" time="0.0">
    <ignored/>
  </testcase> <!-- clickContinueShoppingBtnTest -->
  <testcase classname="testCases.CheckoutCompleteTest" name="verifyconfirmImgTest" time="0.0">
    <ignored/>
  </testcase> <!-- verifyconfirmImgTest -->
  <testcase classname="testCases.InventoryPageTest" name="vedrifyProductCartLinkTest" time="0.0">
    <ignored/>
  </testcase> <!-- vedrifyProductCartLinkTest -->
  <testcase classname="testCases.InventoryPageTest" name="verifyFooterTest" time="0.0">
    <ignored/>
  </testcase> <!-- verifyFooterTest -->
  <testcase classname="testCases.InventoryPageTest" name="verifyAddToCartBtn2Test" time="0.0">
    <ignored/>
  </testcase> <!-- verifyAddToCartBtn2Test -->
  <testcase classname="testCases.InventoryPageTest" name="verifyAppLogoTest" time="0.0">
    <ignored/>
  </testcase> <!-- verifyAppLogoTest -->
  <testcase classname="testCases.InventoryPageTest" name="verifyTwitterLogoTest" time="0.0">
    <ignored/>
  </testcase> <!-- verifyTwitterLogoTest -->
  <testcase classname="testCases.CheckoutPage2Test" name="clickcancelBtnTest" time="0.0">
    <ignored/>
  </testcase> <!-- clickcancelBtnTest -->
  <testcase classname="testCases.InventoryPageTest" name="verifyinventoryPageUrlTest" time="0.0">
    <ignored/>
  </testcase> <!-- verifyinventoryPageUrlTest -->
  <testcase classname="testCases.InventoryPageTest" name="verifyProductLableTest" time="0.0">
    <ignored/>
  </testcase> <!-- verifyProductLableTest -->
  <testcase classname="testCases.CartPageTest" name="clickCheckOutBtnTest" time="0.0">
    <ignored/>
  </testcase> <!-- clickCheckOutBtnTest -->
  <testcase classname="testCases.CheckoutCompleteTest" name="verifyorderDispatchedTextTest" time="0.0">
    <ignored/>
  </testcase> <!-- verifyorderDispatchedTextTest -->
  <testcase classname="testCases.CheckoutCompleteTest" name="verifyURLofcheckoutCompletePageTest" time="0.0">
    <ignored/>
  </testcase> <!-- verifyURLofcheckoutCompletePageTest -->
  <testcase classname="testCases.LoginPageTest" name="verifyTitleOfApplication" time="0.0">
    <ignored/>
  </testcase> <!-- verifyTitleOfApplication -->
  <testcase classname="testCases.CheckoutCompleteTest" name="clickbackHomeBtnTest" time="0.0">
    <ignored/>
  </testcase> <!-- clickbackHomeBtnTest -->
  <testcase classname="testCases.InventoryPageTest" name="add6ProductTest" time="0.0">
    <ignored/>
  </testcase> <!-- add6ProductTest -->
  <testcase classname="testCases.CheckoutPage2Test" name="verifycheckOutPage1TitleTest" time="0.0">
    <ignored/>
  </testcase> <!-- verifycheckOutPage1TitleTest -->
  <testcase classname="testCases.InventoryPageTest" name="verifyAddToCartBtn1Test" time="0.0">
    <ignored/>
  </testcase> <!-- verifyAddToCartBtn1Test -->
  <testcase classname="testCases.CheckoutPage1Test" name="clickCancelBtnTest" time="0.0">
    <ignored/>
  </testcase> <!-- clickCancelBtnTest -->
  <testcase classname="testCases.InventoryPageTest" name="verifyAddToCartBtn5Test" time="0.0">
    <ignored/>
  </testcase> <!-- verifyAddToCartBtn5Test -->
  <testcase classname="testCases.LoginPageTest" name="LoginToApplicationTest" time="0.0">
    <ignored/>
  </testcase> <!-- LoginToApplicationTest -->
  <testcase classname="testCases.InventoryPageTest" name="verifylinkedInLogoTest" time="0.0">
    <ignored/>
  </testcase> <!-- verifylinkedInLogoTest -->
  <testcase classname="testCases.CartPageTest" name="verifyURLofCartPageTest" time="0.0">
    <ignored/>
  </testcase> <!-- verifyURLofCartPageTest -->
  <testcase classname="testCases.CartPageTest" name="verifyDescriptionTextTest" time="0.0">
    <ignored/>
  </testcase> <!-- verifyDescriptionTextTest -->
  <testcase classname="testCases.InventoryPageTest" name="remove2ProductTest" time="0.0">
    <ignored/>
  </testcase> <!-- remove2ProductTest -->
  <testcase classname="testCases.CheckoutPage1Test" name="verifyLastNameTextBoxTest" time="0.0">
    <ignored/>
  </testcase> <!-- verifyLastNameTextBoxTest -->
  <testcase classname="testCases.LoginPageTest" name="verifyURLofApplicationTest" time="0.0">
    <ignored/>
  </testcase> <!-- verifyURLofApplicationTest -->
  <testcase classname="testCases.CheckoutPage2Test" name="clickfinishBtnTest" time="0.0">
    <ignored/>
  </testcase> <!-- clickfinishBtnTest -->
  <testcase classname="testCases.CheckoutPage2Test" name="verifypriceTotalTextTest" time="0.0">
    <ignored/>
  </testcase> <!-- verifypriceTotalTextTest -->
  <testcase classname="testCases.CartPageTest" name="verifytitleOfCartPageTest" time="0.0">
    <ignored/>
  </testcase> <!-- verifytitleOfCartPageTest -->
  <testcase classname="testCases.InventoryPageTest" name="verifyProductSortBtnTest" time="0.0">
    <ignored/>
  </testcase> <!-- verifyProductSortBtnTest -->
  <testcase classname="testCases.CheckoutPage2Test" name="verifyUrlofCheckoutPage2Test" time="0.0">
    <ignored/>
  </testcase> <!-- verifyUrlofCheckoutPage2Test -->
  <testcase classname="testCases.CheckoutPage2Test" name="verifyshoppingInformationTextTest" time="0.0">
    <ignored/>
  </testcase> <!-- verifyshoppingInformationTextTest -->
  <testcase classname="testCases.CheckoutPage1Test" name="clickContinueBtnTest" time="0.0">
    <ignored/>
  </testcase> <!-- clickContinueBtnTest -->
  <testcase classname="testCases.CheckoutPage1Test" name="verifyUrlOfCheckOutPage1" time="0.0">
    <ignored/>
  </testcase> <!-- verifyUrlOfCheckOutPage1 -->
  <testcase classname="testCases.CheckoutCompleteTest" name="verifythankYouMsgTextTest" time="0.0">
    <ignored/>
  </testcase> <!-- verifythankYouMsgTextTest -->
  <testcase classname="testCases.InventoryPageTest" name="burgerMenuBtnTest" time="0.0">
    <ignored/>
  </testcase> <!-- burgerMenuBtnTest -->
  <testcase classname="testCases.CartPageTest" name="verifyQtyTextTest" time="0.0">
    <ignored/>
  </testcase> <!-- verifyQtyTextTest -->
  <testcase classname="testCases.CheckoutCompleteTest" name="verifycheckoutCompletePageTitle" time="0.0">
    <ignored/>
  </testcase> <!-- verifycheckoutCompletePageTitle -->
  <testcase classname="testCases.InventoryPageTest" name="verifyAddToCartBtn3Test" time="0.0">
    <ignored/>
  </testcase> <!-- verifyAddToCartBtn3Test -->
  <testcase classname="testCases.InventoryPageTest" name="verifyAddToCartBtn6Test" time="0.0">
    <ignored/>
  </testcase> <!-- verifyAddToCartBtn6Test -->
  <testcase classname="testCases.InventoryPageTest" name="verifyAddToCartBtn4Test" time="0.0">
    <ignored/>
  </testcase> <!-- verifyAddToCartBtn4Test -->
</testsuite>
