<?xml version="1.0" encoding="UTF-8"?>
<!-- Generated by org.testng.reporters.JUnitXMLReporter -->
<testsuite ignored="22" hostname="Windows11" failures="0" tests="25" name="groupTest" time="139.83" errors="0" timestamp="2023-10-27T00:31:18 IST">
  <testcase classname="testCases.CheckoutPage2Test" name="verifyUrlofCheckoutPage2Test" time="0.438"/>
  <testcase classname="testCases.CheckoutPage2Test" name="verifycheckOutPage1TitleTest" time="0.057"/>
  <testcase classname="testCases.CheckoutPage2Test" name="verifypaymentInformationTextTest" time="0.047"/>
  <testcase classname="testCases.CheckoutPage2Test" name="verifyshoppingInformationTextTest" time="0.049"/>
  <testcase classname="testCases.CheckoutPage1Test" name="verifyUrlOfCheckOutPage1" time="0.034"/>
  <testcase classname="testCases.CheckoutPage1Test" name="verifycheckOutPage1TitleTest" time="0.053"/>
  <testcase classname="testCases.CheckoutPage1Test" name="clickContinueBtnTest" time="0.241"/>
  <testcase classname="testCases.CheckoutPage1Test" name="clickCancelBtnTest" time="0.096"/>
  <testcase classname="testCases.CartPageTest" name="verifyURLofCartPageTest" time="0.035"/>
  <testcase classname="testCases.CartPageTest" name="verifytitleOfCartPageTest" time="0.053"/>
  <testcase classname="testCases.CartPageTest" name="clickCheckOutBtnTest" time="0.087"/>
  <testcase classname="testCases.CartPageTest" name="clickContinueShoppingBtnTest" time="0.069"/>
  <testcase classname="testCases.CheckoutCompleteTest" name="verifyURLofcheckoutCompletePageTest" time="0.032"/>
  <testcase classname="testCases.CheckoutCompleteTest" name="verifyconfirmImgTest" time="0.026"/>
  <testcase classname="testCases.CheckoutCompleteTest" name="clickbackHomeBtnTest" time="0.077"/>
  <testcase classname="testCases.LoginPageTest" name="LoginToApplicationTest" time="0.228"/>
  <testcase classname="testCases.LoginPageTest" name="verifyTitleOfApplication" time="0.029"/>
  <testcase classname="testCases.InventoryPageTest" name="verifyinventoryPageUrlTest" time="0.032"/>
  <testcase classname="testCases.InventoryPageTest" name="remove2ProductTest" time="4.413"/>
  <testcase classname="testCases.InventoryPageTest" name="verifylinkedInLogoTest" time="0.03"/>
  <testcase classname="testCases.InventoryPageTest" name="verifyAddToCartBtn1Test" time="0.05"/>
  <testcase classname="testCases.InventoryPageTest" name="vedrifyProductCartLinkTest" time="0.05"/>
  <testcase classname="testCases.InventoryPageTest" name="verifyFooterTest" time="0.045"/>
  <testcase classname="testCases.InventoryPageTest" name="burgerMenuBtnTest" time="0.042"/>
  <testcase classname="testCases.InventoryPageTest" name="add6ProductTest" time="0.321"/>
  <testcase classname="testCases.CheckoutPage1Test" name="verifyPostalCodeTextBoxTest" time="0.0">
    <ignored/>
  </testcase> <!-- verifyPostalCodeTextBoxTest -->
  <testcase classname="testCases.InventoryPageTest" name="verifyfacebookLogoTest" time="0.0">
    <ignored/>
  </testcase> <!-- verifyfacebookLogoTest -->
  <testcase classname="testCases.InventoryPageTest" name="verifyProductSortBtnTest" time="0.0">
    <ignored/>
  </testcase> <!-- verifyProductSortBtnTest -->
  <testcase classname="testCases.CartPageTest" name="verifyQtyTextTest" time="0.0">
    <ignored/>
  </testcase> <!-- verifyQtyTextTest -->
  <testcase classname="testCases.CheckoutPage2Test" name="clickcancelBtnTest" time="0.0">
    <ignored/>
  </testcase> <!-- clickcancelBtnTest -->
  <testcase classname="testCases.CheckoutCompleteTest" name="verifythankYouMsgTextTest" time="0.0">
    <ignored/>
  </testcase> <!-- verifythankYouMsgTextTest -->
  <testcase classname="testCases.CheckoutPage1Test" name="verifyLastNameTextBoxTest" time="0.0">
    <ignored/>
  </testcase> <!-- verifyLastNameTextBoxTest -->
  <testcase classname="testCases.InventoryPageTest" name="verifyAddToCartBtn3Test" time="0.0">
    <ignored/>
  </testcase> <!-- verifyAddToCartBtn3Test -->
  <testcase classname="testCases.InventoryPageTest" name="verifyAddToCartBtn6Test" time="0.0">
    <ignored/>
  </testcase> <!-- verifyAddToCartBtn6Test -->
  <testcase classname="testCases.InventoryPageTest" name="verifyAddToCartBtn4Test" time="0.0">
    <ignored/>
  </testcase> <!-- verifyAddToCartBtn4Test -->
  <testcase classname="testCases.InventoryPageTest" name="verifyProductLableTest" time="0.0">
    <ignored/>
  </testcase> <!-- verifyProductLableTest -->
  <testcase classname="testCases.CheckoutPage2Test" name="clickfinishBtnTest" time="0.0">
    <ignored/>
  </testcase> <!-- clickfinishBtnTest -->
  <testcase classname="testCases.InventoryPageTest" name="verifyAppLogoTest" time="0.0">
    <ignored/>
  </testcase> <!-- verifyAppLogoTest -->
  <testcase classname="testCases.CheckoutPage2Test" name="verifypriceTotalTextTest" time="0.0">
    <ignored/>
  </testcase> <!-- verifypriceTotalTextTest -->
  <testcase classname="testCases.CartPageTest" name="verifyDescriptionTextTest" time="0.0">
    <ignored/>
  </testcase> <!-- verifyDescriptionTextTest -->
  <testcase classname="testCases.CheckoutCompleteTest" name="verifycheckoutCompletePageTitle" time="0.0">
    <ignored/>
  </testcase> <!-- verifycheckoutCompletePageTitle -->
  <testcase classname="testCases.InventoryPageTest" name="verifyTwitterLogoTest" time="0.0">
    <ignored/>
  </testcase> <!-- verifyTwitterLogoTest -->
  <testcase classname="testCases.CheckoutCompleteTest" name="verifyorderDispatchedTextTest" time="0.0">
    <ignored/>
  </testcase> <!-- verifyorderDispatchedTextTest -->
  <testcase classname="testCases.LoginPageTest" name="verifyURLofApplicationTest" time="0.0">
    <ignored/>
  </testcase> <!-- verifyURLofApplicationTest -->
  <testcase classname="testCases.CheckoutPage1Test" name="verifyFirstNameTextBoxTest" time="0.0">
    <ignored/>
  </testcase> <!-- verifyFirstNameTextBoxTest -->
  <testcase classname="testCases.InventoryPageTest" name="verifyAddToCartBtn5Test" time="0.0">
    <ignored/>
  </testcase> <!-- verifyAddToCartBtn5Test -->
  <testcase classname="testCases.InventoryPageTest" name="verifyAddToCartBtn2Test" time="0.0">
    <ignored/>
  </testcase> <!-- verifyAddToCartBtn2Test -->
</testsuite> <!-- groupTest -->
