<?xml version="1.0" encoding="UTF-8"?>
<!-- Generated by org.testng.reporters.JUnitXMLReporter -->
<testsuite ignored="0" hostname="Windows11" failures="0" tests="52" name="MasterTest" time="388.662" errors="0" timestamp="2023-11-06T11:14:30 IST">
  <testcase classname="testCases.CheckoutPage2Test" name="clickcancelBtnTest" time="1.155"/>
  <testcase classname="testCases.CheckoutPage2Test" name="clickfinishBtnTest" time="0.101"/>
  <testcase classname="testCases.CheckoutPage2Test" name="verifyUrlofCheckoutPage2Test" time="0.069"/>
  <testcase classname="testCases.CheckoutPage2Test" name="verifycheckOutPage1TitleTest" time="0.053"/>
  <testcase classname="testCases.CheckoutPage2Test" name="verifypaymentInformationTextTest" time="0.06"/>
  <testcase classname="testCases.CheckoutPage2Test" name="verifypriceTotalTextTest" time="0.05"/>
  <testcase classname="testCases.CheckoutPage2Test" name="verifyshoppingInformationTextTest" time="0.051"/>
  <testcase classname="testCases.CheckoutPage1Test" name="clickCancelBtnTest" time="0.102"/>
  <testcase classname="testCases.CheckoutPage1Test" name="clickContinueBtnTest" time="0.243"/>
  <testcase classname="testCases.CheckoutPage1Test" name="verifyFirstNameTextBoxTest" time="0.016"/>
  <testcase classname="testCases.CheckoutPage1Test" name="verifyLastNameTextBoxTest" time="0.017"/>
  <testcase classname="testCases.CheckoutPage1Test" name="verifyPostalCodeTextBoxTest" time="0.017"/>
  <testcase classname="testCases.CheckoutPage1Test" name="verifyUrlOfCheckOutPage1" time="0.037"/>
  <testcase classname="testCases.CheckoutPage1Test" name="verifycheckOutPage1TitleTest" time="0.042"/>
  <testcase classname="testCases.CartPageTest" name="clickCheckOutBtnTest" time="0.077"/>
  <testcase classname="testCases.CartPageTest" name="clickContinueShoppingBtnTest" time="0.09"/>
  <testcase classname="testCases.CartPageTest" name="verifyDescriptionTextTest" time="0.036"/>
  <testcase classname="testCases.CartPageTest" name="verifyQtyTextTest" time="0.04"/>
  <testcase classname="testCases.CartPageTest" name="verifyURLofCartPageTest" time="0.031"/>
  <testcase classname="testCases.CartPageTest" name="verifytitleOfCartPageTest" time="0.041"/>
  <testcase classname="testCases.CheckoutCompleteTest" name="clickbackHomeBtnTest" time="0.072"/>
  <testcase classname="testCases.CheckoutCompleteTest" name="verifyURLofcheckoutCompletePageTest" time="0.03"/>
  <testcase classname="testCases.CheckoutCompleteTest" name="verifycheckoutCompletePageTitle" time="0.042"/>
  <testcase classname="testCases.CheckoutCompleteTest" name="verifyconfirmImgTest" time="0.032"/>
  <testcase classname="testCases.CheckoutCompleteTest" name="verifyorderDispatchedTextTest" time="0.039"/>
  <testcase classname="testCases.CheckoutCompleteTest" name="verifythankYouMsgTextTest" time="0.046"/>
  <testcase classname="testCases.LoginPageTest" name="LoginToApplicationTest" time="0.23"/>
  <testcase classname="testCases.LoginPageTest" name="verifyTitleOfApplication" time="0.022"/>
  <testcase classname="testCases.LoginPageTest" name="verifyURLofApplicationTest" time="0.023"/>
  <testcase classname="testCases.VerifyMultipleCredentialsTest" name="LoginToApplicationWithMultipleDataTest" time="0.198"/>
  <testcase classname="testCases.VerifyMultipleCredentialsTest" name="LoginToApplicationWithMultipleDataTest" time="0.226"/>
  <testcase classname="testCases.VerifyMultipleCredentialsTest" name="LoginToApplicationWithMultipleDataTest" time="5.233"/>
  <testcase classname="testCases.VerifyMultipleCredentialsTest" name="LoginToApplicationWithMultipleDataTest" time="0.212"/>
  <testcase classname="testCases.VerifyMultipleCredentialsTest" name="LoginToApplicationWithMultipleDataTest" time="0.22"/>
  <testcase classname="testCases.InventoryPageTest" name="add6ProductTest" time="0.357"/>
  <testcase classname="testCases.InventoryPageTest" name="burgerMenuBtnTest" time="0.049"/>
  <testcase classname="testCases.InventoryPageTest" name="remove2ProductTest" time="4.4"/>
  <testcase classname="testCases.InventoryPageTest" name="vedrifyProductCartLinkTest" time="0.054"/>
  <testcase classname="testCases.InventoryPageTest" name="verifyAddToCartBtn1Test" time="0.047"/>
  <testcase classname="testCases.InventoryPageTest" name="verifyAddToCartBtn2Test" time="0.048"/>
  <testcase classname="testCases.InventoryPageTest" name="verifyAddToCartBtn3Test" time="0.043"/>
  <testcase classname="testCases.InventoryPageTest" name="verifyAddToCartBtn4Test" time="0.046"/>
  <testcase classname="testCases.InventoryPageTest" name="verifyAddToCartBtn5Test" time="0.056"/>
  <testcase classname="testCases.InventoryPageTest" name="verifyAddToCartBtn6Test" time="0.047"/>
  <testcase classname="testCases.InventoryPageTest" name="verifyAppLogoTest" time="0.03"/>
  <testcase classname="testCases.InventoryPageTest" name="verifyFooterTest" time="0.044"/>
  <testcase classname="testCases.InventoryPageTest" name="verifyProductLableTest" time="0.042"/>
  <testcase classname="testCases.InventoryPageTest" name="verifyProductSortBtnTest" time="0.063"/>
  <testcase classname="testCases.InventoryPageTest" name="verifyTwitterLogoTest" time="0.027"/>
  <testcase classname="testCases.InventoryPageTest" name="verifyfacebookLogoTest" time="0.03"/>
  <testcase classname="testCases.InventoryPageTest" name="verifyinventoryPageUrlTest" time="0.023"/>
  <testcase classname="testCases.InventoryPageTest" name="verifylinkedInLogoTest" time="0.027"/>
</testsuite> <!-- MasterTest -->
