<?xml version="1.0" encoding="UTF-8"?>
<testng-results ignored="0" total="3" passed="3" failed="0" skipped="0">
  <reporter-output>
  </reporter-output>
  <suite started-at="2023-11-25T06:20:24 IST" name="Default suite" finished-at="2023-11-25T06:21:30 IST" duration-ms="65415">
    <groups>
    </groups>
    <test started-at="2023-11-25T06:20:24 IST" name="Default test" finished-at="2023-11-25T06:21:30 IST" duration-ms="65415">
      <class name="testCases.LoginPageTest">
        <test-method is-config="true" signature="setup()[pri:0, instance:testCases.LoginPageTest@4d0f2471]" started-at="2023-11-25T06:20:24 IST" name="setup" finished-at="2023-11-25T06:21:19 IST" duration-ms="54675" status="PASS">
          <reporter-output>
          </reporter-output>
        </test-method> <!-- setup -->
        <test-method signature="LoginToApplicationTest()[pri:0, instance:testCases.LoginPageTest@4d0f2471]" started-at="2023-11-25T06:21:19 IST" name="LoginToApplicationTest" finished-at="2023-11-25T06:21:20 IST" duration-ms="1056" status="PASS">
          <reporter-output>
          </reporter-output>
        </test-method> <!-- LoginToApplicationTest -->
        <test-method is-config="true" signature="closeBrowser(org.testng.ITestResult)[pri:0, instance:testCases.LoginPageTest@4d0f2471]" started-at="2023-11-25T06:21:20 IST" name="closeBrowser" finished-at="2023-11-25T06:21:21 IST" duration-ms="390" status="PASS">
          <params>
            <param index="0">
              <value>
                <![CDATA[[TestResult name=LoginToApplicationTest status=SUCCESS method=LoginPageTest.LoginToApplicationTest()[pri:0, instance:testCases.LoginPageTest@4d0f2471] output={null}]]]>
              </value>
            </param>
          </params>
          <reporter-output>
          </reporter-output>
        </test-method> <!-- closeBrowser -->
        <test-method is-config="true" signature="setup()[pri:0, instance:testCases.LoginPageTest@4d0f2471]" started-at="2023-11-25T06:21:21 IST" name="setup" finished-at="2023-11-25T06:21:23 IST" duration-ms="1903" status="PASS">
          <reporter-output>
          </reporter-output>
        </test-method> <!-- setup -->
        <test-method signature="verifyTitleOfApplication()[pri:0, instance:testCases.LoginPageTest@4d0f2471]" started-at="2023-11-25T06:21:23 IST" name="verifyTitleOfApplication" finished-at="2023-11-25T06:21:23 IST" duration-ms="100" status="PASS">
          <reporter-output>
          </reporter-output>
        </test-method> <!-- verifyTitleOfApplication -->
        <test-method is-config="true" signature="closeBrowser(org.testng.ITestResult)[pri:0, instance:testCases.LoginPageTest@4d0f2471]" started-at="2023-11-25T06:21:23 IST" name="closeBrowser" finished-at="2023-11-25T06:21:23 IST" duration-ms="158" status="PASS">
          <params>
            <param index="0">
              <value>
                <![CDATA[[TestResult name=verifyTitleOfApplication status=SUCCESS method=LoginPageTest.verifyTitleOfApplication()[pri:0, instance:testCases.LoginPageTest@4d0f2471] output={null}]]]>
              </value>
            </param>
          </params>
          <reporter-output>
          </reporter-output>
        </test-method> <!-- closeBrowser -->
        <test-method is-config="true" signature="setup()[pri:0, instance:testCases.LoginPageTest@4d0f2471]" started-at="2023-11-25T06:21:23 IST" name="setup" finished-at="2023-11-25T06:21:30 IST" duration-ms="6815" status="PASS">
          <reporter-output>
          </reporter-output>
        </test-method> <!-- setup -->
        <test-method signature="verifyURLofApplicationTest()[pri:0, instance:testCases.LoginPageTest@4d0f2471]" started-at="2023-11-25T06:21:30 IST" name="verifyURLofApplicationTest" finished-at="2023-11-25T06:21:30 IST" duration-ms="85" status="PASS">
          <reporter-output>
          </reporter-output>
        </test-method> <!-- verifyURLofApplicationTest -->
        <test-method is-config="true" signature="closeBrowser(org.testng.ITestResult)[pri:0, instance:testCases.LoginPageTest@4d0f2471]" started-at="2023-11-25T06:21:30 IST" name="closeBrowser" finished-at="2023-11-25T06:21:30 IST" duration-ms="176" status="PASS">
          <params>
            <param index="0">
              <value>
                <![CDATA[[TestResult name=verifyURLofApplicationTest status=SUCCESS method=LoginPageTest.verifyURLofApplicationTest()[pri:0, instance:testCases.LoginPageTest@4d0f2471] output={null}]]]>
              </value>
            </param>
          </params>
          <reporter-output>
          </reporter-output>
        </test-method> <!-- closeBrowser -->
      </class> <!-- testCases.LoginPageTest -->
    </test> <!-- Default test -->
  </suite> <!-- Default suite -->
</testng-results>
