<?xml version="1.0" encoding="UTF-8"?>
<testng-results ignored="0" total="3" passed="3" failed="0" skipped="0">
  <reporter-output>
  </reporter-output>
  <suite started-at="2023-10-27T12:42:15 IST" name="Default suite" finished-at="2023-10-27T12:42:34 IST" duration-ms="19045">
    <groups>
      <group name="regression">
        <method signature="LoginPageTest.verifyTitleOfApplication()[pri:2, instance:testCases.LoginPageTest@3232a28a]" name="verifyTitleOfApplication" class="testCases.LoginPageTest"/>
      </group> <!-- regression -->
      <group name="sanity">
        <method signature="LoginPageTest.verifyURLofApplicationTest()[pri:1, instance:testCases.LoginPageTest@3232a28a]" name="verifyURLofApplicationTest" class="testCases.LoginPageTest"/>
        <method signature="LoginPageTest.verifyTitleOfApplication()[pri:2, instance:testCases.LoginPageTest@3232a28a]" name="verifyTitleOfApplication" class="testCases.LoginPageTest"/>
      </group> <!-- sanity -->
      <group name="retest">
        <method signature="LoginPageTest.verifyURLofApplicationTest()[pri:1, instance:testCases.LoginPageTest@3232a28a]" name="verifyURLofApplicationTest" class="testCases.LoginPageTest"/>
      </group> <!-- retest -->
    </groups>
    <test started-at="2023-10-27T12:42:15 IST" name="Default test" finished-at="2023-10-27T12:42:34 IST" duration-ms="19045">
      <class name="testCases.LoginPageTest">
        <test-method is-config="true" signature="setUp()[pri:0, instance:testCases.LoginPageTest@3232a28a]" started-at="2023-10-27T12:42:15 IST" name="setUp" finished-at="2023-10-27T12:42:22 IST" duration-ms="6118" status="PASS">
          <reporter-output>
          </reporter-output>
        </test-method> <!-- setUp -->
        <test-method signature="LoginToApplicationTest()[pri:0, instance:testCases.LoginPageTest@3232a28a]" started-at="2023-10-27T12:42:22 IST" name="LoginToApplicationTest" finished-at="2023-10-27T12:42:22 IST" duration-ms="916" status="PASS">
          <reporter-output>
          </reporter-output>
        </test-method> <!-- LoginToApplicationTest -->
        <test-method is-config="true" signature="closeBrowser(org.testng.ITestResult)[pri:0, instance:testCases.LoginPageTest@3232a28a]" started-at="2023-10-27T12:42:22 IST" name="closeBrowser" finished-at="2023-10-27T12:42:23 IST" duration-ms="681" status="PASS">
          <params>
            <param index="0">
              <value>
                <![CDATA[[TestResult name=LoginToApplicationTest status=SUCCESS method=LoginPageTest.LoginToApplicationTest()[pri:0, instance:testCases.LoginPageTest@3232a28a] output={null}]]]>
              </value>
            </param>
          </params>
          <reporter-output>
          </reporter-output>
        </test-method> <!-- closeBrowser -->
        <test-method is-config="true" signature="setUp()[pri:0, instance:testCases.LoginPageTest@3232a28a]" started-at="2023-10-27T12:42:23 IST" name="setUp" finished-at="2023-10-27T12:42:28 IST" duration-ms="5196" status="PASS">
          <reporter-output>
          </reporter-output>
        </test-method> <!-- setUp -->
        <test-method signature="verifyURLofApplicationTest()[pri:1, instance:testCases.LoginPageTest@3232a28a]" started-at="2023-10-27T12:42:28 IST" name="verifyURLofApplicationTest" finished-at="2023-10-27T12:42:28 IST" depends-on-methods="testCases.LoginPageTest.LoginToApplicationTest" duration-ms="89" status="PASS">
          <reporter-output>
          </reporter-output>
        </test-method> <!-- verifyURLofApplicationTest -->
        <test-method is-config="true" signature="closeBrowser(org.testng.ITestResult)[pri:0, instance:testCases.LoginPageTest@3232a28a]" started-at="2023-10-27T12:42:28 IST" name="closeBrowser" finished-at="2023-10-27T12:42:29 IST" duration-ms="233" status="PASS">
          <params>
            <param index="0">
              <value>
                <![CDATA[[TestResult name=verifyURLofApplicationTest status=SUCCESS method=LoginPageTest.verifyURLofApplicationTest()[pri:1, instance:testCases.LoginPageTest@3232a28a] output={null}]]]>
              </value>
            </param>
          </params>
          <reporter-output>
          </reporter-output>
        </test-method> <!-- closeBrowser -->
        <test-method is-config="true" signature="setUp()[pri:0, instance:testCases.LoginPageTest@3232a28a]" started-at="2023-10-27T12:42:29 IST" name="setUp" finished-at="2023-10-27T12:42:34 IST" duration-ms="5516" status="PASS">
          <reporter-output>
          </reporter-output>
        </test-method> <!-- setUp -->
        <test-method signature="verifyTitleOfApplication()[pri:2, instance:testCases.LoginPageTest@3232a28a]" started-at="2023-10-27T12:42:34 IST" name="verifyTitleOfApplication" finished-at="2023-10-27T12:42:34 IST" depends-on-methods="testCases.LoginPageTest.LoginToApplicationTest" duration-ms="78" status="PASS">
          <reporter-output>
          </reporter-output>
        </test-method> <!-- verifyTitleOfApplication -->
        <test-method is-config="true" signature="closeBrowser(org.testng.ITestResult)[pri:0, instance:testCases.LoginPageTest@3232a28a]" started-at="2023-10-27T12:42:34 IST" name="closeBrowser" finished-at="2023-10-27T12:42:34 IST" duration-ms="163" status="PASS">
          <params>
            <param index="0">
              <value>
                <![CDATA[[TestResult name=verifyTitleOfApplication status=SUCCESS method=LoginPageTest.verifyTitleOfApplication()[pri:2, instance:testCases.LoginPageTest@3232a28a] output={null}]]]>
              </value>
            </param>
          </params>
          <reporter-output>
          </reporter-output>
        </test-method> <!-- closeBrowser -->
      </class> <!-- testCases.LoginPageTest -->
    </test> <!-- Default test -->
  </suite> <!-- Default suite -->
</testng-results>
